<?xml version="1.0" encoding="UTF-8"?>
<testsuite xmlns:xsi="http://www.w3.org/2001/XMLSchema-instance" xsi:noNamespaceSchemaLocation="https://maven.apache.org/surefire/maven-surefire-plugin/xsd/surefire-test-report.xsd" name="bbear.coen6761.proj.testing.RobotDrawingTest" time="0.411" tests="21" errors="0" skipped="0" failures="0">
  <properties>
[...]
</properties>
  <testcase name="testPrintCurrentPosition" classname="bbear.coen6761.proj.testing.RobotDrawingTest" time="0.094"/>
  <testcase name="testQuitSystem" classname="bbear.coen6761.proj.testing.RobotDrawingTest" time="0.039"/>
  <testcase name="testMoveCommandRequiresSpaceAfterMorI" classname="bbear.coen6761.proj.testing.RobotDrawingTest" time="0.001"/>
  <testcase name="testMove_EmptyArgument" classname="bbear.coen6761.proj.testing.RobotDrawingTest" time="0.003"/>
  <testcase name="testProcess_NonNumericFormatSecondArgument" classname="bbear.coen6761.proj.testing.RobotDrawingTest" time="0.007"/>
  <testcase name="testInitializeSystem_EmptyArgument" classname="bbear.coen6761.proj.testing.RobotDrawingTest" time="0.001"/>
  <testcase name="testPenUp" classname="bbear.coen6761.proj.testing.RobotDrawingTest" time="0.001"/>
  <testcase name="testInvalidSingleCharacterCommands" classname="bbear.coen6761.proj.testing.RobotDrawingTest" time="0.003"/>
  <testcase name="testMove" classname="bbear.coen6761.proj.testing.RobotDrawingTest" time="0.007"/>
  <testcase name="testPenDown" classname="bbear.coen6761.proj.testing.RobotDrawingTest" time="0"/>
  <testcase name="testPrintFloor" classname="bbear.coen6761.proj.testing.RobotDrawingTest" time="0.006"/>
  <testcase name="testProcess_NullArgument" classname="bbear.coen6761.proj.testing.RobotDrawingTest" time="0.002"/>
  <testcase name="testInitializeSystem" classname="bbear.coen6761.proj.testing.RobotDrawingTest" time="0.002"/>
  <testcase name="testOtherCMDWithouInitSys" classname="bbear.coen6761.proj.testing.RobotDrawingTest" time="0.003"/>
  <testcase name="testFirstCharOfCMDNotRecognized" classname="bbear.coen6761.proj.testing.RobotDrawingTest" time="0.001"/>
  <testcase name="testTurnRight" classname="bbear.coen6761.proj.testing.RobotDrawingTest" time="0"/>
  <testcase name="testTurnLeft" classname="bbear.coen6761.proj.testing.RobotDrawingTest" time="0"/>
  <testcase name="testMove_NullArgument" classname="bbear.coen6761.proj.testing.RobotDrawingTest" time="0.001"/>
  <testcase name="testProcess_EmptyArgument" classname="bbear.coen6761.proj.testing.RobotDrawingTest" time="0.001"/>
  <testcase name="testProcess_NonNegativeSecondArgument" classname="bbear.coen6761.proj.testing.RobotDrawingTest" time="0.003"/>
  <testcase name="testInitializeSystem_NullArgument" classname="bbear.coen6761.proj.testing.RobotDrawingTest" time="0.002"/>
</testsuite>